{"total": {"lines":{"total":1589,"covered":1368,"skipped":0,"pct":86.09},"statements":{"total":1589,"covered":1368,"skipped":0,"pct":86.09},"functions":{"total":49,"covered":35,"skipped":0,"pct":71.42},"branches":{"total":66,"covered":45,"skipped":0,"pct":68.18},"branchesTrue":{"total":0,"covered":0,"skipped":0,"pct":100}}
,"/Users/joepegler/Workspace/sdk/src/account/createSmartAccount.ts": {"lines":{"total":333,"covered":226,"skipped":0,"pct":67.86},"functions":{"total":15,"covered":5,"skipped":0,"pct":33.33},"statements":{"total":333,"covered":226,"skipped":0,"pct":67.86},"branches":{"total":13,"covered":11,"skipped":0,"pct":84.61}}
,"/Users/joepegler/Workspace/sdk/src/account/index.ts": {"lines":{"total":5,"covered":5,"skipped":0,"pct":100},"functions":{"total":0,"covered":0,"skipped":0,"pct":100},"statements":{"total":5,"covered":5,"skipped":0,"pct":100},"branches":{"total":0,"covered":0,"skipped":0,"pct":100}}
,"/Users/joepegler/Workspace/sdk/src/account/actions/getAccountAddress.ts": {"lines":{"total":66,"covered":64,"skipped":0,"pct":96.96},"functions":{"total":1,"covered":1,"skipped":0,"pct":100},"statements":{"total":66,"covered":64,"skipped":0,"pct":96.96},"branches":{"total":2,"covered":1,"skipped":0,"pct":50}}
,"/Users/joepegler/Workspace/sdk/src/account/utils/abis.ts": {"lines":{"total":247,"covered":247,"skipped":0,"pct":100},"functions":{"total":0,"covered":0,"skipped":0,"pct":100},"statements":{"total":247,"covered":247,"skipped":0,"pct":100},"branches":{"total":0,"covered":0,"skipped":0,"pct":100}}
,"/Users/joepegler/Workspace/sdk/src/account/utils/constants.ts": {"lines":{"total":54,"covered":54,"skipped":0,"pct":100},"functions":{"total":0,"covered":0,"skipped":0,"pct":100},"statements":{"total":54,"covered":54,"skipped":0,"pct":100},"branches":{"total":0,"covered":0,"skipped":0,"pct":100}}
,"/Users/joepegler/Workspace/sdk/src/account/utils/errors.ts": {"lines":{"total":17,"covered":17,"skipped":0,"pct":100},"functions":{"total":1,"covered":1,"skipped":0,"pct":100},"statements":{"total":17,"covered":17,"skipped":0,"pct":100},"branches":{"total":1,"covered":1,"skipped":0,"pct":100}}
,"/Users/joepegler/Workspace/sdk/src/account/utils/helpers.ts": {"lines":{"total":426,"covered":362,"skipped":0,"pct":84.97},"functions":{"total":13,"covered":13,"skipped":0,"pct":100},"statements":{"total":426,"covered":362,"skipped":0,"pct":84.97},"branches":{"total":27,"covered":15,"skipped":0,"pct":55.55}}
,"/Users/joepegler/Workspace/sdk/src/bundler/createBundlerClient.ts": {"lines":{"total":57,"covered":57,"skipped":0,"pct":100},"functions":{"total":1,"covered":1,"skipped":0,"pct":100},"statements":{"total":57,"covered":57,"skipped":0,"pct":100},"branches":{"total":1,"covered":1,"skipped":0,"pct":100}}
,"/Users/joepegler/Workspace/sdk/src/bundler/actions/chainId.ts": {"lines":{"total":27,"covered":27,"skipped":0,"pct":100},"functions":{"total":1,"covered":1,"skipped":0,"pct":100},"statements":{"total":27,"covered":27,"skipped":0,"pct":100},"branches":{"total":1,"covered":1,"skipped":0,"pct":100}}
,"/Users/joepegler/Workspace/sdk/src/bundler/actions/index.ts": {"lines":{"total":17,"covered":17,"skipped":0,"pct":100},"functions":{"total":2,"covered":2,"skipped":0,"pct":100},"statements":{"total":17,"covered":17,"skipped":0,"pct":100},"branches":{"total":3,"covered":3,"skipped":0,"pct":100}}
,"/Users/joepegler/Workspace/sdk/src/bundler/utils/helpers.ts": {"lines":{"total":18,"covered":14,"skipped":0,"pct":77.77},"functions":{"total":1,"covered":1,"skipped":0,"pct":100},"statements":{"total":18,"covered":14,"skipped":0,"pct":77.77},"branches":{"total":3,"covered":1,"skipped":0,"pct":33.33}}
,"/Users/joepegler/Workspace/sdk/src/client/createSmartAccountClient.ts": {"lines":{"total":93,"covered":93,"skipped":0,"pct":100},"functions":{"total":1,"covered":1,"skipped":0,"pct":100},"statements":{"total":93,"covered":93,"skipped":0,"pct":100},"branches":{"total":1,"covered":1,"skipped":0,"pct":100}}
,"/Users/joepegler/Workspace/sdk/src/modules/index.ts": {"lines":{"total":7,"covered":7,"skipped":0,"pct":100},"functions":{"total":0,"covered":0,"skipped":0,"pct":100},"statements":{"total":7,"covered":7,"skipped":0,"pct":100},"branches":{"total":0,"covered":0,"skipped":0,"pct":100}}
,"/Users/joepegler/Workspace/sdk/src/modules/ecdsaOwnershipValidationModule/createECDSAOwnershipModule.ts": {"lines":{"total":128,"covered":88,"skipped":0,"pct":68.75},"functions":{"total":8,"covered":4,"skipped":0,"pct":50},"statements":{"total":128,"covered":88,"skipped":0,"pct":68.75},"branches":{"total":6,"covered":4,"skipped":0,"pct":66.66}}
,"/Users/joepegler/Workspace/sdk/src/paymaster/createPaymasterClient.ts": {"lines":{"total":56,"covered":56,"skipped":0,"pct":100},"functions":{"total":1,"covered":1,"skipped":0,"pct":100},"statements":{"total":56,"covered":56,"skipped":0,"pct":100},"branches":{"total":1,"covered":1,"skipped":0,"pct":100}}
,"/Users/joepegler/Workspace/sdk/src/paymaster/actions/index.ts": {"lines":{"total":17,"covered":17,"skipped":0,"pct":100},"functions":{"total":2,"covered":2,"skipped":0,"pct":100},"statements":{"total":17,"covered":17,"skipped":0,"pct":100},"branches":{"total":3,"covered":3,"skipped":0,"pct":100}}
,"/Users/joepegler/Workspace/sdk/src/paymaster/actions/sponsorUserOperation.ts": {"lines":{"total":3,"covered":3,"skipped":0,"pct":100},"functions":{"total":1,"covered":1,"skipped":0,"pct":100},"statements":{"total":3,"covered":3,"skipped":0,"pct":100},"branches":{"total":1,"covered":1,"skipped":0,"pct":100}}
,"/Users/joepegler/Workspace/sdk/src/paymaster/utils/helpers.ts": {"lines":{"total":18,"covered":14,"skipped":0,"pct":77.77},"functions":{"total":1,"covered":1,"skipped":0,"pct":100},"statements":{"total":18,"covered":14,"skipped":0,"pct":77.77},"branches":{"total":3,"covered":1,"skipped":0,"pct":33.33}}
}
