{"total": {"lines":{"total":8411,"covered":6934,"skipped":0,"pct":82.43},"statements":{"total":8411,"covered":6934,"skipped":0,"pct":82.43},"functions":{"total":185,"covered":95,"skipped":0,"pct":51.35},"branches":{"total":369,"covered":256,"skipped":0,"pct":69.37},"branchesTrue":{"total":0,"covered":0,"skipped":0,"pct":100}}
,"/Users/joepegler/Workspace/sdk/src/account/BaseSmartContractAccount.ts": {"lines":{"total":354,"covered":230,"skipped":0,"pct":64.97},"functions":{"total":20,"covered":5,"skipped":0,"pct":25},"statements":{"total":354,"covered":230,"skipped":0,"pct":64.97},"branches":{"total":19,"covered":16,"skipped":0,"pct":84.21}}
,"/Users/joepegler/Workspace/sdk/src/account/BiconomySmartAccountV2.ts": {"lines":{"total":1685,"covered":1448,"skipped":0,"pct":85.93},"functions":{"total":49,"covered":38,"skipped":0,"pct":77.55},"statements":{"total":1685,"covered":1448,"skipped":0,"pct":85.93},"branches":{"total":179,"covered":121,"skipped":0,"pct":67.59}}
,"/Users/joepegler/Workspace/sdk/src/account/index.ts": {"lines":{"total":11,"covered":11,"skipped":0,"pct":100},"functions":{"total":0,"covered":0,"skipped":0,"pct":100},"statements":{"total":11,"covered":11,"skipped":0,"pct":100},"branches":{"total":0,"covered":0,"skipped":0,"pct":100}}
,"/Users/joepegler/Workspace/sdk/src/account/abi/AccountResolver.ts": {"lines":{"total":118,"covered":118,"skipped":0,"pct":100},"functions":{"total":0,"covered":0,"skipped":0,"pct":100},"statements":{"total":118,"covered":118,"skipped":0,"pct":100},"branches":{"total":0,"covered":0,"skipped":0,"pct":100}}
,"/Users/joepegler/Workspace/sdk/src/account/abi/EntryPointAbi.ts": {"lines":{"total":1309,"covered":1309,"skipped":0,"pct":100},"functions":{"total":0,"covered":0,"skipped":0,"pct":100},"statements":{"total":1309,"covered":1309,"skipped":0,"pct":100},"branches":{"total":0,"covered":0,"skipped":0,"pct":100}}
,"/Users/joepegler/Workspace/sdk/src/account/abi/Factory.ts": {"lines":{"total":141,"covered":141,"skipped":0,"pct":100},"functions":{"total":0,"covered":0,"skipped":0,"pct":100},"statements":{"total":141,"covered":141,"skipped":0,"pct":100},"branches":{"total":0,"covered":0,"skipped":0,"pct":100}}
,"/Users/joepegler/Workspace/sdk/src/account/abi/SmartAccount.ts": {"lines":{"total":636,"covered":636,"skipped":0,"pct":100},"functions":{"total":0,"covered":0,"skipped":0,"pct":100},"statements":{"total":636,"covered":636,"skipped":0,"pct":100},"branches":{"total":0,"covered":0,"skipped":0,"pct":100}}
,"/Users/joepegler/Workspace/sdk/src/account/signers/local-account.ts": {"lines":{"total":55,"covered":44,"skipped":0,"pct":80},"functions":{"total":3,"covered":0,"skipped":0,"pct":0},"statements":{"total":55,"covered":44,"skipped":0,"pct":80},"branches":{"total":0,"covered":0,"skipped":0,"pct":100}}
,"/Users/joepegler/Workspace/sdk/src/account/signers/wallet-client.ts": {"lines":{"total":48,"covered":32,"skipped":0,"pct":66.66},"functions":{"total":4,"covered":3,"skipped":0,"pct":75},"statements":{"total":48,"covered":32,"skipped":0,"pct":66.66},"branches":{"total":6,"covered":3,"skipped":0,"pct":50}}
,"/Users/joepegler/Workspace/sdk/src/account/utils/Constants.ts": {"lines":{"total":94,"covered":94,"skipped":0,"pct":100},"functions":{"total":0,"covered":0,"skipped":0,"pct":100},"statements":{"total":94,"covered":94,"skipped":0,"pct":100},"branches":{"total":2,"covered":2,"skipped":0,"pct":100}}
,"/Users/joepegler/Workspace/sdk/src/account/utils/EthersSigner.ts": {"lines":{"total":41,"covered":27,"skipped":0,"pct":65.85},"functions":{"total":6,"covered":3,"skipped":0,"pct":50},"statements":{"total":41,"covered":27,"skipped":0,"pct":65.85},"branches":{"total":3,"covered":3,"skipped":0,"pct":100}}
,"/Users/joepegler/Workspace/sdk/src/account/utils/HttpRequests.ts": {"lines":{"total":71,"covered":39,"skipped":0,"pct":54.92},"functions":{"total":1,"covered":1,"skipped":0,"pct":100},"statements":{"total":71,"covered":39,"skipped":0,"pct":54.92},"branches":{"total":4,"covered":2,"skipped":0,"pct":50}}
,"/Users/joepegler/Workspace/sdk/src/account/utils/Logger.ts": {"lines":{"total":56,"covered":43,"skipped":0,"pct":76.78},"functions":{"total":4,"covered":3,"skipped":0,"pct":75},"statements":{"total":56,"covered":43,"skipped":0,"pct":76.78},"branches":{"total":7,"covered":3,"skipped":0,"pct":42.85}}
,"/Users/joepegler/Workspace/sdk/src/account/utils/Types.ts": {"lines":{"total":587,"covered":587,"skipped":0,"pct":100},"functions":{"total":0,"covered":0,"skipped":0,"pct":100},"statements":{"total":587,"covered":587,"skipped":0,"pct":100},"branches":{"total":0,"covered":0,"skipped":0,"pct":100}}
,"/Users/joepegler/Workspace/sdk/src/account/utils/Utils.ts": {"lines":{"total":156,"covered":109,"skipped":0,"pct":69.87},"functions":{"total":6,"covered":4,"skipped":0,"pct":66.66},"statements":{"total":156,"covered":109,"skipped":0,"pct":69.87},"branches":{"total":20,"covered":15,"skipped":0,"pct":75}}
,"/Users/joepegler/Workspace/sdk/src/account/utils/convertSigner.ts": {"lines":{"total":63,"covered":57,"skipped":0,"pct":90.47},"functions":{"total":1,"covered":1,"skipped":0,"pct":100},"statements":{"total":63,"covered":57,"skipped":0,"pct":90.47},"branches":{"total":18,"covered":13,"skipped":0,"pct":72.22}}
,"/Users/joepegler/Workspace/sdk/src/account/utils/getChain.ts": {"lines":{"total":18,"covered":18,"skipped":0,"pct":100},"functions":{"total":1,"covered":1,"skipped":0,"pct":100},"statements":{"total":18,"covered":18,"skipped":0,"pct":100},"branches":{"total":4,"covered":4,"skipped":0,"pct":100}}
,"/Users/joepegler/Workspace/sdk/src/account/utils/index.ts": {"lines":{"total":8,"covered":8,"skipped":0,"pct":100},"functions":{"total":0,"covered":0,"skipped":0,"pct":100},"statements":{"total":8,"covered":8,"skipped":0,"pct":100},"branches":{"total":0,"covered":0,"skipped":0,"pct":100}}
,"/Users/joepegler/Workspace/sdk/src/bundler/Bundler.ts": {"lines":{"total":366,"covered":275,"skipped":0,"pct":75.13},"functions":{"total":11,"covered":8,"skipped":0,"pct":72.72},"statements":{"total":366,"covered":275,"skipped":0,"pct":75.13},"branches":{"total":29,"covered":25,"skipped":0,"pct":86.2}}
,"/Users/joepegler/Workspace/sdk/src/bundler/index.ts": {"lines":{"total":8,"covered":8,"skipped":0,"pct":100},"functions":{"total":0,"covered":0,"skipped":0,"pct":100},"statements":{"total":8,"covered":8,"skipped":0,"pct":100},"branches":{"total":0,"covered":0,"skipped":0,"pct":100}}
,"/Users/joepegler/Workspace/sdk/src/bundler/interfaces/IBundler.ts": {"lines":{"total":29,"covered":29,"skipped":0,"pct":100},"functions":{"total":0,"covered":0,"skipped":0,"pct":100},"statements":{"total":29,"covered":29,"skipped":0,"pct":100},"branches":{"total":0,"covered":0,"skipped":0,"pct":100}}
,"/Users/joepegler/Workspace/sdk/src/bundler/utils/Constants.ts": {"lines":{"total":30,"covered":30,"skipped":0,"pct":100},"functions":{"total":0,"covered":0,"skipped":0,"pct":100},"statements":{"total":30,"covered":30,"skipped":0,"pct":100},"branches":{"total":0,"covered":0,"skipped":0,"pct":100}}
,"/Users/joepegler/Workspace/sdk/src/bundler/utils/HelperFunction.ts": {"lines":{"total":36,"covered":34,"skipped":0,"pct":94.44},"functions":{"total":2,"covered":2,"skipped":0,"pct":100},"statements":{"total":36,"covered":34,"skipped":0,"pct":94.44},"branches":{"total":6,"covered":5,"skipped":0,"pct":83.33}}
,"/Users/joepegler/Workspace/sdk/src/bundler/utils/Types.ts": {"lines":{"total":122,"covered":122,"skipped":0,"pct":100},"functions":{"total":0,"covered":0,"skipped":0,"pct":100},"statements":{"total":122,"covered":122,"skipped":0,"pct":100},"branches":{"total":0,"covered":0,"skipped":0,"pct":100}}
,"/Users/joepegler/Workspace/sdk/src/bundler/utils/Utils.ts": {"lines":{"total":23,"covered":17,"skipped":0,"pct":73.91},"functions":{"total":2,"covered":2,"skipped":0,"pct":100},"statements":{"total":23,"covered":17,"skipped":0,"pct":73.91},"branches":{"total":5,"covered":2,"skipped":0,"pct":40}}
,"/Users/joepegler/Workspace/sdk/src/modules/BaseValidationModule.ts": {"lines":{"total":51,"covered":35,"skipped":0,"pct":68.62},"functions":{"total":3,"covered":1,"skipped":0,"pct":33.33},"statements":{"total":51,"covered":35,"skipped":0,"pct":68.62},"branches":{"total":1,"covered":1,"skipped":0,"pct":100}}
,"/Users/joepegler/Workspace/sdk/src/modules/BatchedSessionRouterModule.ts": {"lines":{"total":356,"covered":105,"skipped":0,"pct":29.49},"functions":{"total":11,"covered":0,"skipped":0,"pct":0},"statements":{"total":356,"covered":105,"skipped":0,"pct":29.49},"branches":{"total":0,"covered":0,"skipped":0,"pct":100}}
,"/Users/joepegler/Workspace/sdk/src/modules/ECDSAOwnershipValidationModule.ts": {"lines":{"total":114,"covered":102,"skipped":0,"pct":89.47},"functions":{"total":8,"covered":8,"skipped":0,"pct":100},"statements":{"total":114,"covered":102,"skipped":0,"pct":89.47},"branches":{"total":12,"covered":8,"skipped":0,"pct":66.66}}
,"/Users/joepegler/Workspace/sdk/src/modules/MultichainValidationModule.ts": {"lines":{"total":212,"covered":184,"skipped":0,"pct":86.79},"functions":{"total":9,"covered":7,"skipped":0,"pct":77.77},"statements":{"total":212,"covered":184,"skipped":0,"pct":86.79},"branches":{"total":13,"covered":10,"skipped":0,"pct":76.92}}
,"/Users/joepegler/Workspace/sdk/src/modules/SessionKeyManagerModule.ts": {"lines":{"total":349,"covered":105,"skipped":0,"pct":30.08},"functions":{"total":11,"covered":0,"skipped":0,"pct":0},"statements":{"total":349,"covered":105,"skipped":0,"pct":30.08},"branches":{"total":0,"covered":0,"skipped":0,"pct":100}}
,"/Users/joepegler/Workspace/sdk/src/modules/index.ts": {"lines":{"total":30,"covered":30,"skipped":0,"pct":100},"functions":{"total":0,"covered":0,"skipped":0,"pct":100},"statements":{"total":30,"covered":30,"skipped":0,"pct":100},"branches":{"total":0,"covered":0,"skipped":0,"pct":100}}
,"/Users/joepegler/Workspace/sdk/src/modules/interfaces/ISessionValidationModule.ts": {"lines":{"total":14,"covered":14,"skipped":0,"pct":100},"functions":{"total":0,"covered":0,"skipped":0,"pct":100},"statements":{"total":14,"covered":14,"skipped":0,"pct":100},"branches":{"total":0,"covered":0,"skipped":0,"pct":100}}
,"/Users/joepegler/Workspace/sdk/src/modules/interfaces/IValidationModule.ts": {"lines":{"total":11,"covered":11,"skipped":0,"pct":100},"functions":{"total":0,"covered":0,"skipped":0,"pct":100},"statements":{"total":11,"covered":11,"skipped":0,"pct":100},"branches":{"total":0,"covered":0,"skipped":0,"pct":100}}
,"/Users/joepegler/Workspace/sdk/src/modules/session-storage/SessionLocalStorage.ts": {"lines":{"total":208,"covered":47,"skipped":0,"pct":22.59},"functions":{"total":16,"covered":0,"skipped":0,"pct":0},"statements":{"total":208,"covered":47,"skipped":0,"pct":22.59},"branches":{"total":0,"covered":0,"skipped":0,"pct":100}}
,"/Users/joepegler/Workspace/sdk/src/modules/session-validation-modules/ERC20SessionValidationModule.ts": {"lines":{"total":80,"covered":40,"skipped":0,"pct":50},"functions":{"total":5,"covered":0,"skipped":0,"pct":0},"statements":{"total":80,"covered":40,"skipped":0,"pct":50},"branches":{"total":0,"covered":0,"skipped":0,"pct":100}}
,"/Users/joepegler/Workspace/sdk/src/modules/utils/Constants.ts": {"lines":{"total":35,"covered":35,"skipped":0,"pct":100},"functions":{"total":0,"covered":0,"skipped":0,"pct":100},"statements":{"total":35,"covered":35,"skipped":0,"pct":100},"branches":{"total":0,"covered":0,"skipped":0,"pct":100}}
,"/Users/joepegler/Workspace/sdk/src/modules/utils/Helper.ts": {"lines":{"total":105,"covered":63,"skipped":0,"pct":60},"functions":{"total":3,"covered":2,"skipped":0,"pct":66.66},"statements":{"total":105,"covered":63,"skipped":0,"pct":60},"branches":{"total":4,"covered":2,"skipped":0,"pct":50}}
,"/Users/joepegler/Workspace/sdk/src/modules/utils/Types.ts": {"lines":{"total":168,"covered":168,"skipped":0,"pct":100},"functions":{"total":0,"covered":0,"skipped":0,"pct":100},"statements":{"total":168,"covered":168,"skipped":0,"pct":100},"branches":{"total":1,"covered":1,"skipped":0,"pct":100}}
,"/Users/joepegler/Workspace/sdk/src/modules/utils/Uid.ts": {"lines":{"total":12,"covered":2,"skipped":0,"pct":16.66},"functions":{"total":1,"covered":0,"skipped":0,"pct":0},"statements":{"total":12,"covered":2,"skipped":0,"pct":16.66},"branches":{"total":0,"covered":0,"skipped":0,"pct":100}}
,"/Users/joepegler/Workspace/sdk/src/paymaster/BiconomyPaymaster.ts": {"lines":{"total":407,"covered":333,"skipped":0,"pct":81.81},"functions":{"total":7,"covered":5,"skipped":0,"pct":71.42},"statements":{"total":407,"covered":333,"skipped":0,"pct":81.81},"branches":{"total":34,"covered":18,"skipped":0,"pct":52.94}}
,"/Users/joepegler/Workspace/sdk/src/paymaster/index.ts": {"lines":{"total":8,"covered":8,"skipped":0,"pct":100},"functions":{"total":0,"covered":0,"skipped":0,"pct":100},"statements":{"total":8,"covered":8,"skipped":0,"pct":100},"branches":{"total":0,"covered":0,"skipped":0,"pct":100}}
,"/Users/joepegler/Workspace/sdk/src/paymaster/interfaces/IHybridPaymaster.ts": {"lines":{"total":29,"covered":29,"skipped":0,"pct":100},"functions":{"total":0,"covered":0,"skipped":0,"pct":100},"statements":{"total":29,"covered":29,"skipped":0,"pct":100},"branches":{"total":0,"covered":0,"skipped":0,"pct":100}}
,"/Users/joepegler/Workspace/sdk/src/paymaster/interfaces/IPaymaster.ts": {"lines":{"total":12,"covered":12,"skipped":0,"pct":100},"functions":{"total":0,"covered":0,"skipped":0,"pct":100},"statements":{"total":12,"covered":12,"skipped":0,"pct":100},"branches":{"total":0,"covered":0,"skipped":0,"pct":100}}
,"/Users/joepegler/Workspace/sdk/src/paymaster/utils/Constants.ts": {"lines":{"total":13,"covered":13,"skipped":0,"pct":100},"functions":{"total":0,"covered":0,"skipped":0,"pct":100},"statements":{"total":13,"covered":13,"skipped":0,"pct":100},"branches":{"total":0,"covered":0,"skipped":0,"pct":100}}
,"/Users/joepegler/Workspace/sdk/src/paymaster/utils/Helpers.ts": {"lines":{"total":7,"covered":7,"skipped":0,"pct":100},"functions":{"total":1,"covered":1,"skipped":0,"pct":100},"statements":{"total":7,"covered":7,"skipped":0,"pct":100},"branches":{"total":1,"covered":1,"skipped":0,"pct":100}}
,"/Users/joepegler/Workspace/sdk/src/paymaster/utils/Types.ts": {"lines":{"total":125,"covered":125,"skipped":0,"pct":100},"functions":{"total":0,"covered":0,"skipped":0,"pct":100},"statements":{"total":125,"covered":125,"skipped":0,"pct":100},"branches":{"total":1,"covered":1,"skipped":0,"pct":100}}
}
